<?xml version="1.0" encoding="UTF-8"?>
<!-- Generated by org.testng.reporters.JUnitXMLReporter -->
<testsuite ignored="0" hostname="EB845_G10" failures="0" tests="2" name="chrome" time="0.141" errors="0" timestamp="2024-08-17T16:37:03 ICT">
  <testcase classname="testClasses.ConfigureTest" name="config_IdP" time="0.0">
    <skipped/>
  </testcase> <!-- config_IdP -->
  <testcase classname="testClasses.ConfigureTest" name="config_SESWEB" time="0.0">
    <skipped/>
  </testcase> <!-- config_SESWEB -->
</testsuite> <!-- chrome -->
